[2025-08-28 12:41:11] local.ERROR: Trying to access array offset on value of type null {"exception":"[object] (ErrorException(code: 0): Trying to access array offset on value of type null at /webhome/gsmanagement.ch/www/laracore/vendor/egulias/email-validator/EmailValidator/Parser/Parser.php:147)
[stacktrace]
#0 /webhome/gsmanagement.ch/www/laracore/vendor/egulias/email-validator/EmailValidator/Parser/Parser.php(147): Illuminate\\Foundation\\Bootstrap\\HandleExceptions->handleError()
#1 /webhome/gsmanagement.ch/www/laracore/vendor/egulias/email-validator/EmailValidator/Parser/Parser.php(127): Egulias\\EmailValidator\\Parser\\Parser->escaped()
#2 /webhome/gsmanagement.ch/www/laracore/vendor/egulias/email-validator/EmailValidator/Parser/LocalPart.php(57): Egulias\\EmailValidator\\Parser\\Parser->isFWS()
#3 /webhome/gsmanagement.ch/www/laracore/vendor/egulias/email-validator/EmailValidator/EmailParser.php(48): Egulias\\EmailValidator\\Parser\\LocalPart->parse()
#4 /webhome/gsmanagement.ch/www/laracore/vendor/egulias/email-validator/EmailValidator/Validation/RFCValidation.php(30): Egulias\\EmailValidator\\EmailParser->parse()
#5 /webhome/gsmanagement.ch/www/laracore/vendor/egulias/email-validator/EmailValidator/EmailValidator.php(37): Egulias\\EmailValidator\\Validation\\RFCValidation->isValid()
#6 /webhome/gsmanagement.ch/www/laracore/vendor/laravel/framework/src/Illuminate/Validation/Concerns/ValidatesAttributes.php(633): Egulias\\EmailValidator\\EmailValidator->isValid()
#7 /webhome/gsmanagement.ch/www/laracore/vendor/laravel/framework/src/Illuminate/Validation/Validator.php(398): Illuminate\\Validation\\Validator->validateEmail()
#8 /webhome/gsmanagement.ch/www/laracore/vendor/laravel/framework/src/Illuminate/Validation/Validator.php(277): Illuminate\\Validation\\Validator->validateAttribute()
#9 /webhome/gsmanagement.ch/www/laracore/vendor/laravel/framework/src/Illuminate/Validation/Validator.php(302): Illuminate\\Validation\\Validator->passes()
#10 /webhome/gsmanagement.ch/www/laracore/vendor/laravel/framework/src/Illuminate/Validation/Validator.php(314): Illuminate\\Validation\\Validator->fails()
#11 /webhome/gsmanagement.ch/www/laracore/vendor/laravel/framework/src/Illuminate/Foundation/Auth/RegistersUsers.php(31): Illuminate\\Validation\\Validator->validate()
#12 [internal function]: App\\Http\\Controllers\\Auth\\RegisterController->register()
#13 /webhome/gsmanagement.ch/www/laracore/vendor/laravel/framework/src/Illuminate/Routing/Controller.php(54): call_user_func_array()
#14 /webhome/gsmanagement.ch/www/laracore/vendor/laravel/framework/src/Illuminate/Routing/ControllerDispatcher.php(45): Illuminate\\Routing\\Controller->callAction()
#15 /webhome/gsmanagement.ch/www/laracore/vendor/laravel/framework/src/Illuminate/Routing/Route.php(219): Illuminate\\Routing\\ControllerDispatcher->dispatch()
#16 /webhome/gsmanagement.ch/www/laracore/vendor/laravel/framework/src/Illuminate/Routing/Route.php(176): Illuminate\\Routing\\Route->runController()
#17 /webhome/gsmanagement.ch/www/laracore/vendor/laravel/framework/src/Illuminate/Routing/Router.php(680): Illuminate\\Routing\\Route->run()
#18 /webhome/gsmanagement.ch/www/laracore/vendor/laravel/framework/src/Illuminate/Routing/Pipeline.php(30): Illuminate\\Routing\\Router->Illuminate\\Routing\\{closure}()
#19 /webhome/gsmanagement.ch/www/laracore/app/Http/Middleware/RedirectIfAuthenticated.php(24): Illuminate\\Routing\\Pipeline->Illuminate\\Routing\\{closure}()
#20 /webhome/gsmanagement.ch/www/laracore/vendor/laravel/framework/src/Illuminate/Pipeline/Pipeline.php(163): App\\Http\\Middleware\\RedirectIfAuthenticated->handle()
#21 /webhome/gsmanagement.ch/www/laracore/vendor/laravel/framework/src/Illuminate/Routing/Pipeline.php(53): Illuminate\\Pipeline\\Pipeline->Illuminate\\Pipeline\\{closure}()
#22 /webhome/gsmanagement.ch/www/laracore/app/Http/Middleware/Localization.php(22): Illuminate\\Routing\\Pipeline->Illuminate\\Routing\\{closure}()
#23 /webhome/gsmanagement.ch/www/laracore/vendor/laravel/framework/src/Illuminate/Pipeline/Pipeline.php(163): App\\Http\\Middleware\\Localization->handle()
#24 /webhome/gsmanagement.ch/www/laracore/vendor/laravel/framework/src/Illuminate/Routing/Pipeline.php(53): Illuminate\\Pipeline\\Pipeline->Illuminate\\Pipeline\\{closure}()
#25 /webhome/gsmanagement.ch/www/laracore/vendor/laravel/framework/src/Illuminate/Routing/Middleware/SubstituteBindings.php(41): Illuminate\\Routing\\Pipeline->Illuminate\\Routing\\{closure}()
#26 /webhome/gsmanagement.ch/www/laracore/vendor/laravel/framework/src/Illuminate/Pipeline/Pipeline.php(163): Illuminate\\Routing\\Middleware\\SubstituteBindings->handle()
#27 /webhome/gsmanagement.ch/www/laracore/vendor/laravel/framework/src/Illuminate/Routing/Pipeline.php(53): Illuminate\\Pipeline\\Pipeline->Illuminate\\Pipeline\\{closure}()
#28 /webhome/gsmanagement.ch/www/laracore/vendor/laravel/framework/src/Illuminate/Foundation/Http/Middleware/VerifyCsrfToken.php(75): Illuminate\\Routing\\Pipeline->Illuminate\\Routing\\{closure}()
#29 /webhome/gsmanagement.ch/www/laracore/vendor/laravel/framework/src/Illuminate/Pipeline/Pipeline.php(163): Illuminate\\Foundation\\Http\\Middleware\\VerifyCsrfToken->handle()
#30 /webhome/gsmanagement.ch/www/laracore/vendor/laravel/framework/src/Illuminate/Routing/Pipeline.php(53): Illuminate\\Pipeline\\Pipeline->Illuminate\\Pipeline\\{closure}()
#31 /webhome/gsmanagement.ch/www/laracore/vendor/laravel/framework/src/Illuminate/View/Middleware/ShareErrorsFromSession.php(49): Illuminate\\Routing\\Pipeline->Illuminate\\Routing\\{closure}()
#32 /webhome/gsmanagement.ch/www/laracore/vendor/laravel/framework/src/Illuminate/Pipeline/Pipeline.php(163): Illuminate\\View\\Middleware\\ShareErrorsFromSession->handle()
#33 /webhome/gsmanagement.ch/www/laracore/vendor/laravel/framework/src/Illuminate/Routing/Pipeline.php(53): Illuminate\\Pipeline\\Pipeline->Illuminate\\Pipeline\\{closure}()
#34 /webhome/gsmanagement.ch/www/laracore/vendor/laravel/framework/src/Illuminate/Session/Middleware/StartSession.php(56): Illuminate\\Routing\\Pipeline->Illuminate\\Routing\\{closure}()
#35 /webhome/gsmanagement.ch/www/laracore/vendor/laravel/framework/src/Illuminate/Pipeline/Pipeline.php(163): Illuminate\\Session\\Middleware\\StartSession->handle()
#36 /webhome/gsmanagement.ch/www/laracore/vendor/laravel/framework/src/Illuminate/Routing/Pipeline.php(53): Illuminate\\Pipeline\\Pipeline->Illuminate\\Pipeline\\{closure}()
#37 /webhome/gsmanagement.ch/www/laracore/vendor/laravel/framework/src/Illuminate/Cookie/Middleware/AddQueuedCookiesToResponse.php(37): Illuminate\\Routing\\Pipeline->Illuminate\\Routing\\{closure}()
#38 /webhome/gsmanagement.ch/www/laracore/vendor/laravel/framework/src/Illuminate/Pipeline/Pipeline.php(163): Illuminate\\Cookie\\Middleware\\AddQueuedCookiesToResponse->handle()
#39 /webhome/gsmanagement.ch/www/laracore/vendor/laravel/framework/src/Illuminate/Routing/Pipeline.php(53): Illuminate\\Pipeline\\Pipeline->Illuminate\\Pipeline\\{closure}()
#40 /webhome/gsmanagement.ch/www/laracore/vendor/laravel/framework/src/Illuminate/Cookie/Middleware/EncryptCookies.php(66): Illuminate\\Routing\\Pipeline->Illuminate\\Routing\\{closure}()
#41 /webhome/gsmanagement.ch/www/laracore/vendor/laravel/framework/src/Illuminate/Pipeline/Pipeline.php(163): Illuminate\\Cookie\\Middleware\\EncryptCookies->handle()
#42 /webhome/gsmanagement.ch/www/laracore/vendor/laravel/framework/src/Illuminate/Routing/Pipeline.php(53): Illuminate\\Pipeline\\Pipeline->Illuminate\\Pipeline\\{closure}()
#43 /webhome/gsmanagement.ch/www/laracore/vendor/laravel/framework/src/Illuminate/Pipeline/Pipeline.php(104): Illuminate\\Routing\\Pipeline->Illuminate\\Routing\\{closure}()
#44 /webhome/gsmanagement.ch/www/laracore/vendor/laravel/framework/src/Illuminate/Routing/Router.php(682): Illuminate\\Pipeline\\Pipeline->then()
#45 /webhome/gsmanagement.ch/www/laracore/vendor/laravel/framework/src/Illuminate/Routing/Router.php(657): Illuminate\\Routing\\Router->runRouteWithinStack()
#46 /webhome/gsmanagement.ch/www/laracore/vendor/laravel/framework/src/Illuminate/Routing/Router.php(623): Illuminate\\Routing\\Router->runRoute()
#47 /webhome/gsmanagement.ch/www/laracore/vendor/laravel/framework/src/Illuminate/Routing/Router.php(612): Illuminate\\Routing\\Router->dispatchToRoute()
#48 /webhome/gsmanagement.ch/www/laracore/vendor/laravel/framework/src/Illuminate/Foundation/Http/Kernel.php(176): Illuminate\\Routing\\Router->dispatch()
#49 /webhome/gsmanagement.ch/www/laracore/vendor/laravel/framework/src/Illuminate/Routing/Pipeline.php(30): Illuminate\\Foundation\\Http\\Kernel->Illuminate\\Foundation\\Http\\{closure}()
#50 /webhome/gsmanagement.ch/www/laracore/vendor/fideloper/proxy/src/TrustProxies.php(57): Illuminate\\Routing\\Pipeline->Illuminate\\Routing\\{closure}()
#51 /webhome/gsmanagement.ch/www/laracore/vendor/laravel/framework/src/Illuminate/Pipeline/Pipeline.php(163): Fideloper\\Proxy\\TrustProxies->handle()
#52 /webhome/gsmanagement.ch/www/laracore/vendor/laravel/framework/src/Illuminate/Routing/Pipeline.php(53): Illuminate\\Pipeline\\Pipeline->Illuminate\\Pipeline\\{closure}()
#53 /webhome/gsmanagement.ch/www/laracore/vendor/laravel/framework/src/Illuminate/Foundation/Http/Middleware/TransformsRequest.php(21): Illuminate\\Routing\\Pipeline->Illuminate\\Routing\\{closure}()
#54 /webhome/gsmanagement.ch/www/laracore/vendor/laravel/framework/src/Illuminate/Pipeline/Pipeline.php(163): Illuminate\\Foundation\\Http\\Middleware\\TransformsRequest->handle()
#55 /webhome/gsmanagement.ch/www/laracore/vendor/laravel/framework/src/Illuminate/Routing/Pipeline.php(53): Illuminate\\Pipeline\\Pipeline->Illuminate\\Pipeline\\{closure}()
#56 /webhome/gsmanagement.ch/www/laracore/vendor/laravel/framework/src/Illuminate/Foundation/Http/Middleware/TransformsRequest.php(21): Illuminate\\Routing\\Pipeline->Illuminate\\Routing\\{closure}()
#57 /webhome/gsmanagement.ch/www/laracore/vendor/laravel/framework/src/Illuminate/Pipeline/Pipeline.php(163): Illuminate\\Foundation\\Http\\Middleware\\TransformsRequest->handle()
#58 /webhome/gsmanagement.ch/www/laracore/vendor/laravel/framework/src/Illuminate/Routing/Pipeline.php(53): Illuminate\\Pipeline\\Pipeline->Illuminate\\Pipeline\\{closure}()
#59 /webhome/gsmanagement.ch/www/laracore/vendor/laravel/framework/src/Illuminate/Foundation/Http/Middleware/ValidatePostSize.php(27): Illuminate\\Routing\\Pipeline->Illuminate\\Routing\\{closure}()
#60 /webhome/gsmanagement.ch/www/laracore/vendor/laravel/framework/src/Illuminate/Pipeline/Pipeline.php(163): Illuminate\\Foundation\\Http\\Middleware\\ValidatePostSize->handle()
#61 /webhome/gsmanagement.ch/www/laracore/vendor/laravel/framework/src/Illuminate/Routing/Pipeline.php(53): Illuminate\\Pipeline\\Pipeline->Illuminate\\Pipeline\\{closure}()
#62 /webhome/gsmanagement.ch/www/laracore/vendor/laravel/framework/src/Illuminate/Foundation/Http/Middleware/CheckForMaintenanceMode.php(62): Illuminate\\Routing\\Pipeline->Illuminate\\Routing\\{closure}()
#63 /webhome/gsmanagement.ch/www/laracore/vendor/laravel/framework/src/Illuminate/Pipeline/Pipeline.php(163): Illuminate\\Foundation\\Http\\Middleware\\CheckForMaintenanceMode->handle()
#64 /webhome/gsmanagement.ch/www/laracore/vendor/laravel/framework/src/Illuminate/Routing/Pipeline.php(53): Illuminate\\Pipeline\\Pipeline->Illuminate\\Pipeline\\{closure}()
#65 /webhome/gsmanagement.ch/www/laracore/vendor/laravel/framework/src/Illuminate/Pipeline/Pipeline.php(104): Illuminate\\Routing\\Pipeline->Illuminate\\Routing\\{closure}()
#66 /webhome/gsmanagement.ch/www/laracore/vendor/laravel/framework/src/Illuminate/Foundation/Http/Kernel.php(151): Illuminate\\Pipeline\\Pipeline->then()
#67 /webhome/gsmanagement.ch/www/laracore/vendor/laravel/framework/src/Illuminate/Foundation/Http/Kernel.php(116): Illuminate\\Foundation\\Http\\Kernel->sendRequestThroughRouter()
#68 /webhome/gsmanagement.ch/www/public/index.php(55): Illuminate\\Foundation\\Http\\Kernel->handle()
#69 {main}
"} 
